<?xml version="1.0" encoding="UTF-8"?>
<testsuite name="AppTest" tests="9" skipped="0" failures="0" errors="0" timestamp="2016-04-25T18:13:42" hostname="epicodus-58.local" time="0.435">
  <properties/>
  <testcase name="checkTriangle_Scalene_3" classname="AppTest" time="0.003"/>
  <testcase name="checkTriangle_Iso_2" classname="AppTest" time="0.0"/>
  <testcase name="isoscelesTest" classname="AppTest" time="0.321"/>
  <testcase name="rootTest" classname="AppTest" time="0.009"/>
  <testcase name="scaleneTest" classname="AppTest" time="0.022"/>
  <testcase name="checkTriangle_Equilateral_1" classname="AppTest" time="0.0"/>
  <testcase name="equilateralTest" classname="AppTest" time="0.017"/>
  <testcase name="checkTriangle_NotATri_4" classname="AppTest" time="0.001"/>
  <testcase name="notTriTest" classname="AppTest" time="0.016"/>
  <system-out><![CDATA[]]></system-out>
  <system-err><![CDATA[[Thread-4] INFO org.eclipse.jetty.util.log - Logging initialized @560ms
[Thread-4] INFO spark.webserver.JettySparkServer - == Spark has ignited ...
[Thread-4] INFO spark.webserver.JettySparkServer - >> Listening on 0.0.0.0:4567
[Thread-4] INFO org.eclipse.jetty.server.Server - jetty-9.3.2.v20150730
[Thread-4] INFO org.eclipse.jetty.server.ServerConnector - Started ServerConnector@35fcb864{HTTP/1.1,[http/1.1]}{0.0.0.0:4567}
[Thread-4] INFO org.eclipse.jetty.server.Server - Started @644ms
[Test worker] INFO spark.webserver.JettySparkServer - >>> Spark shutting down ...
[Test worker] INFO org.eclipse.jetty.server.ServerConnector - Stopped ServerConnector@35fcb864{HTTP/1.1,[http/1.1]}{0.0.0.0:4567}
[Test worker] INFO spark.webserver.JettySparkServer - done
]]></system-err>
</testsuite>
